Removed Pin From Net: NetName=+BAT Pin=J4-3
Added Component: Designator=D3(DIODE-214AC)
Add component (AddParameter): Name = "LCSC"; Value = "C22452"; VariantName = "[No Variations]"
Add component (AddParameter): Name = "MF"; Value = "MDD(Microdiode Semiconductor)"; VariantName = "[No Variations]"
Add component (AddParameter): Name = "MP"; Value = "SS54"; VariantName = "[No Variations]"
Add component (AddParameter): Name = "Package"; Value = "SMA(DO-214AC)"; VariantName = "[No Variations]"
Add component (AddParameter): Name = "Value"; Value = ""; VariantName = "[No Variations]"
Added Component: Designator=D4(DIODE-214AC)
Add component (AddParameter): Name = "LCSC"; Value = "C22452"; VariantName = "[No Variations]"
Add component (AddParameter): Name = "MF"; Value = "MDD(Microdiode Semiconductor)"; VariantName = "[No Variations]"
Add component (AddParameter): Name = "MP"; Value = "SS54"; VariantName = "[No Variations]"
Add component (AddParameter): Name = "Package"; Value = "SMA(DO-214AC)"; VariantName = "[No Variations]"
Add component (AddParameter): Name = "Value"; Value = ""; VariantName = "[No Variations]"
Added Component: Designator=D5(DIODE-214AC)
Add component (AddParameter): Name = "LCSC"; Value = "C22452"; VariantName = "[No Variations]"
Add component (AddParameter): Name = "MF"; Value = "MDD(Microdiode Semiconductor)"; VariantName = "[No Variations]"
Add component (AddParameter): Name = "MP"; Value = "SS54"; VariantName = "[No Variations]"
Add component (AddParameter): Name = "Package"; Value = "SMA(DO-214AC)"; VariantName = "[No Variations]"
Add component (AddParameter): Name = "Value"; Value = ""; VariantName = "[No Variations]"
Added Pin To Net: NetName=+BAT Pin=D3-C
Added Pin To Net: NetName=+BAT Pin=D4-C
Added Pin To Net: NetName=+BAT Pin=D5-C
Added Pin To Net: NetName=NetD3_A Pin=D3-A
Added Pin To Net: NetName=NetD3_A Pin=D4-A
Added Pin To Net: NetName=NetD3_A Pin=D5-A
Added Pin To Net: NetName=NetD3_A Pin=J4-3
Added Net: Name=NetD3_A
Added Member To Class: ClassName=Sheet1 Member=Component D3 SS54
Added Member To Class: ClassName=Sheet1 Member=Component D4 SS54
Added Member To Class: ClassName=Sheet1 Member=Component D5 SS54
