Removed Pin From Net: NetName=+5V Pin=P2-1
Removed Pin From Net: NetName=GND Pin=P2-2
Removed Pin From Net: NetName=+9V Pin=P4-1
Removed Pin From Net: NetName=GND Pin=P4-2
Removed Pin From Net: NetName=+BAT Pin=P5-1
Removed Pin From Net: NetName=GND Pin=P5-2
Removed Pin From Net: NetName=GND Pin=S1-0
Removed Pin From Net: NetName=GND Pin=S1-0
Removed Pin From Net: NetName=GND Pin=S1-0
Removed Pin From Net: NetName=GND Pin=S1-0
Removed Pin From Net: NetName=GND Pin=S1-0
Removed Pin From Net: NetName=GND Pin=S1-0
Removed Pin From Net: NetName=GND Pin=S1-0
Removed Pin From Net: NetName=GND Pin=S1-0
Removed Pin From Net: NetName=GND Pin=S1-0
Removed Pin From Net: NetName=GND Pin=S2-0
Removed Pin From Net: NetName=GND Pin=S2-0
Removed Pin From Net: NetName=GND Pin=S2-0
Removed Pin From Net: NetName=GND Pin=S2-0
Removed Pin From Net: NetName=GND Pin=S2-0
Removed Pin From Net: NetName=GND Pin=S2-0
Removed Pin From Net: NetName=GND Pin=S2-0
Removed Pin From Net: NetName=GND Pin=S2-0
Removed Pin From Net: NetName=GND Pin=S2-0
Removed Pin From Net: NetName=GND Pin=S3-0
Removed Pin From Net: NetName=GND Pin=S3-0
Removed Pin From Net: NetName=GND Pin=S3-0
Removed Pin From Net: NetName=GND Pin=S3-0
Removed Pin From Net: NetName=GND Pin=S3-0
Removed Pin From Net: NetName=GND Pin=S3-0
Removed Pin From Net: NetName=GND Pin=S3-0
Removed Pin From Net: NetName=GND Pin=S3-0
Removed Pin From Net: NetName=GND Pin=S3-0
Removed Pin From Net: NetName=GND Pin=S4-0
Removed Pin From Net: NetName=GND Pin=S4-0
Removed Pin From Net: NetName=GND Pin=S4-0
Removed Pin From Net: NetName=GND Pin=S4-0
Removed Pin From Net: NetName=GND Pin=S4-0
Removed Pin From Net: NetName=GND Pin=S4-0
Removed Pin From Net: NetName=GND Pin=S4-0
Removed Pin From Net: NetName=GND Pin=S4-0
Removed Pin From Net: NetName=GND Pin=S4-0
Removed Member From Class: ClassName=Sheet1 Member=P2
Removed Member From Class: ClassName=Sheet1 Member=P4
Removed Member From Class: ClassName=Sheet1 Member=P5
Removed Member From Class: ClassName=Sheet1 Member=S1
Removed Member From Class: ClassName=Sheet1 Member=S2
Removed Member From Class: ClassName=Sheet1 Member=S3
Removed Member From Class: ClassName=Sheet1 Member=S4
Added Component: Designator=J?(My_DC_Jack)
Add component (AddParameter): Name = "ASiD Part Number"; Value = "DC_Jack-AS"; VariantName = "[No Variations]"
Added Component: Designator=J?(My_DC_Jack)
Add component (AddParameter): Name = "ASiD Part Number"; Value = "DC_Jack-AS"; VariantName = "[No Variations]"
Added Component: Designator=J?(My_DC_Jack)
Add component (AddParameter): Name = "ASiD Part Number"; Value = "DC_Jack-AS"; VariantName = "[No Variations]"
Added Pin To Net: NetName=GND Pin=J?-1
Added Pin To Net: NetName=GND Pin=J?-1
Added Pin To Net: NetName=GND Pin=J?-1
Added Pin To Net: NetName=GND Pin=J?-2
Added Pin To Net: NetName=GND Pin=J?-2
Added Pin To Net: NetName=GND Pin=J?-2
Added Pin To Net: NetName=+5V Pin=J?-3
Added Pin To Net: NetName=+9V Pin=J?-3
Added Pin To Net: NetName=+BAT Pin=J?-3
Added Member To Class: ClassName=Sheet1 Member=Component D2 SS34
Added Member To Class: ClassName=Sheet1 Member=Component J? DC_Jack
Added Member To Class: ClassName=Sheet1 Member=Component J? DC_Jack
Added Member To Class: ClassName=Sheet1 Member=Component J? DC_Jack
