Removed Pin From Net: NetName=GND Pin=J2-1
Removed Pin From Net: NetName=GND Pin=J2-2
Removed Pin From Net: NetName=VCC Pin=J2-3
Removed Pin From Net: NetName=GND Pin=J3-1
Removed Pin From Net: NetName=GND Pin=J3-2
Removed Pin From Net: NetName=+9V Pin=J3-3
Removed Pin From Net: NetName=GND Pin=J4-1
Removed Pin From Net: NetName=GND Pin=J4-2
Removed Pin From Net: NetName=+Cha Pin=J4-3
Removed Member From Class: ClassName=Sheet1 Member=J2
Removed Member From Class: ClassName=Sheet1 Member=J3
Removed Member From Class: ClassName=Sheet1 Member=J4
Added Component: Designator=U1(Plugin)
Add component (AddParameter): Name = "LCSC Part #"; Value = "C5147479"; VariantName = "[No Variations]"
Add component (AddParameter): Name = "Manufacturer"; Value = "XKB Connection"; VariantName = "[No Variations]"
Add component (AddParameter): Name = "Mfr. Part #"; Value = "DC-062A-4A-2.0"; VariantName = "[No Variations]"
Add component (AddParameter): Name = "Package"; Value = "Through Hole,Right Angle"; VariantName = "[No Variations]"
Add component (AddParameter): Name = "Value"; Value = "DC Jack"; VariantName = "[No Variations]"
Added Component: Designator=U2(Plugin)
Add component (AddParameter): Name = "LCSC Part #"; Value = "C5147479"; VariantName = "[No Variations]"
Add component (AddParameter): Name = "Manufacturer"; Value = "XKB Connection"; VariantName = "[No Variations]"
Add component (AddParameter): Name = "Mfr. Part #"; Value = "DC-062A-4A-2.0"; VariantName = "[No Variations]"
Add component (AddParameter): Name = "Package"; Value = "Through Hole,Right Angle"; VariantName = "[No Variations]"
Add component (AddParameter): Name = "Value"; Value = "DC Jack"; VariantName = "[No Variations]"
Added Component: Designator=U3(Plugin)
Add component (AddParameter): Name = "LCSC Part #"; Value = "C5147479"; VariantName = "[No Variations]"
Add component (AddParameter): Name = "Manufacturer"; Value = "XKB Connection"; VariantName = "[No Variations]"
Add component (AddParameter): Name = "Mfr. Part #"; Value = "DC-062A-4A-2.0"; VariantName = "[No Variations]"
Add component (AddParameter): Name = "Package"; Value = "Through Hole,Right Angle"; VariantName = "[No Variations]"
Add component (AddParameter): Name = "Value"; Value = "DC Jack"; VariantName = "[No Variations]"
Added Pin To Net: NetName=GND Pin=U1-1
Added Pin To Net: NetName=VCC Pin=U1-2
Added Pin To Net: NetName=GND Pin=U1-3
Added Pin To Net: NetName=GND Pin=U2-1
Added Pin To Net: NetName=+9V Pin=U2-2
Added Pin To Net: NetName=GND Pin=U2-3
Added Pin To Net: NetName=GND Pin=U3-1
Added Pin To Net: NetName=+Cha Pin=U3-2
Added Pin To Net: NetName=GND Pin=U3-3
Added Member To Class: ClassName=Sheet1 Member=Component U1 DC-062A-4A-2.0
Added Member To Class: ClassName=Sheet1 Member=Component U2 DC-062A-4A-2.0
Added Member To Class: ClassName=Sheet1 Member=Component U3 DC-062A-4A-2.0
