Removed Pin From Net: NetName=VCC Pin=P1-1
Removed Pin From Net: NetName=VCC Pin=P2-2
Removed Pin From Net: NetName=GND Pin=R2-2
Removed Pin From Net: NetName=+5V Pin=R3-2
Change Component Footprint: Designator=R3 Old Footprint=MY_1206 New Footprint=RES_0805
Change Component Comment : Designator=R3 Old Comment=3.6K New Comment=RES 2K 125mW 0805
Change Component Designator: OldDesignator=C1 NewDesignator=C2
Change Component Designator: OldDesignator=C2 NewDesignator=C3
Change Component Designator: OldDesignator=C3 NewDesignator=C1
Change Component Designator: OldDesignator=D2 NewDesignator=D6
Change Component Designator: OldDesignator=D6 NewDesignator=D2
Change Component Designator: OldDesignator=J2 NewDesignator=J3
Change Component Designator: OldDesignator=J3 NewDesignator=J2
Change Component Designator: OldDesignator=P1 NewDesignator=P2
Change Component Designator: OldDesignator=P2 NewDesignator=P1
Change Component Designator: OldDesignator=R4 NewDesignator=R5
Change Component Designator: OldDesignator=R5 NewDesignator=R7
Change Component Designator: OldDesignator=R6 NewDesignator=R8
Change Component Designator: OldDesignator=R7 NewDesignator=R2
Change component parameters: Designator = "R3" ("R3"); Footprint = "MY_1206"; UniqueID = "\XGAWSGMF" ("\XGAWSGMF")
Change component parameters (AddParameter): Name = "LCSC Part #"; Value = "C114572"; VariantName = "[No Variations]"
Change component parameters (AddParameter): Name = "Manufacturer"; Value = "YAGEO"; VariantName = "[No Variations]"
Change component parameters (AddParameter): Name = "Mfr. Part #"; Value = "RC0805FR-072KL"; VariantName = "[No Variations]"
Change component parameters (AddParameter): Name = "Package"; Value = "0805"; VariantName = "[No Variations]"
Change component parameters (AddParameter): Name = "Value"; Value = "2k"; VariantName = "[No Variations]"
Added Component: Designator=R4(RES_0805)
Add component (AddParameter): Name = "LCSC Part #"; Value = "C114535"; VariantName = "[No Variations]"
Add component (AddParameter): Name = "Manufacturer"; Value = "YAGEO"; VariantName = "[No Variations]"
Add component (AddParameter): Name = "Mfr. Part #"; Value = "RC0805FR-076K2L"; VariantName = "[No Variations]"
Add component (AddParameter): Name = "Package"; Value = "0805"; VariantName = "[No Variations]"
Add component (AddParameter): Name = "Value"; Value = "6.2k"; VariantName = "[No Variations]"
Added Pin To Net: NetName=+5V Pin=P1-2
Added Pin To Net: NetName=+5V Pin=P2-1
Added Pin To Net: NetName=GND Pin=R3-1
Added Pin To Net: NetName=+5V Pin=R4-1
Change Net Name : Old Net Name=NetD2_K New Net Name=NetD6_K
Change Net Name : Old Net Name=NetD6_A New Net Name=NetD2_A
Change Net Name : Old Net Name=NetP1_2 New Net Name=NetP2_2
Change Net Name : Old Net Name=NetP1_3 New Net Name=NetP2_3
Change Net Name : Old Net Name=NetR5_1 New Net Name=NetR7_1
Change Net Color : Old Net Color=RGB(158, 161, 117) New Net Color=RGB(246, 178, 107)
Added Pin To Net: NetName=NetR3_2 Pin=R3-2
Added Pin To Net: NetName=NetR3_2 Pin=R4-2
Added Pin To Net: NetName=NetR3_2 Pin=VR1-4
Added Net: Name=NetR3_2
